<?xml version="1.0" encoding="UTF-8"?>
<testng-results ignored="0" total="1" passed="1" failed="0" skipped="0">
  <reporter-output>
  </reporter-output>
  <suite started-at="2023-09-08T10:39:46 IST" name="Default suite" finished-at="2023-09-08T10:39:54 IST" duration-ms="8212">
    <groups>
    </groups>
    <test started-at="2023-09-08T10:39:46 IST" name="Default test" finished-at="2023-09-08T10:39:54 IST" duration-ms="8212">
      <class name="webelementmethods.getattribute">
        <test-method is-config="true" signature="launchBrowser()[pri:0, instance:webelementmethods.getattribute@272ed83b]" started-at="2023-09-08T10:39:46 IST" name="launchBrowser" finished-at="2023-09-08T10:39:53 IST" duration-ms="6907" status="PASS">
          <reporter-output>
          </reporter-output>
        </test-method> <!-- launchBrowser -->
        <test-method signature="testgetTextMethod()[pri:0, instance:webelementmethods.getattribute@272ed83b]" started-at="2023-09-08T10:39:53 IST" name="testgetTextMethod" finished-at="2023-09-08T10:39:54 IST" duration-ms="1271" status="PASS">
          <reporter-output>
          </reporter-output>
        </test-method> <!-- testgetTextMethod -->
      </class> <!-- webelementmethods.getattribute -->
    </test> <!-- Default test -->
  </suite> <!-- Default suite -->
</testng-results>
